2022-11-11 00:41:08.060 DEBUG 3605 --- [http-nio-2222-exec-9] o.s.jdbc.core.JdbcTemplate               : Executing prepared SQL query
2022-11-11 00:41:08.074 DEBUG 3605 --- [http-nio-2222-exec-9] o.s.jdbc.core.JdbcTemplate               : Executing prepared SQL statement [select count(1) from (select e.id, t.name, e.state, t.description, e.start_time as startTime, e.complete_time as completeTime from execute_info e, task t where e.task_id = t.id) _row]
2022-11-11 00:41:08.075 DEBUG 3605 --- [http-nio-2222-exec-9] o.s.jdbc.datasource.DataSourceUtils      : Fetching JDBC Connection from DataSource
2022-11-11 00:41:08.097 DEBUG 3605 --- [http-nio-2222-exec-9] o.s.jdbc.core.JdbcTemplate               : Executing prepared SQL query
2022-11-11 00:41:08.098 DEBUG 3605 --- [http-nio-2222-exec-9] o.s.jdbc.core.JdbcTemplate               : Executing prepared SQL statement [select e.id, t.name, e.state, t.description, e.start_time as startTime, e.complete_time as completeTime from execute_info e, task t where e.task_id = t.id limit ?, ?]
2022-11-11 00:41:08.099 DEBUG 3605 --- [http-nio-2222-exec-9] o.s.jdbc.datasource.DataSourceUtils      : Fetching JDBC Connection from DataSource
2022-11-11 00:41:08.103 DEBUG 3605 --- [http-nio-2222-exec-9] o.s.jdbc.core.BeanPropertyRowMapper      : Mapping column 'id' to property 'id' of type 'int'
2022-11-11 00:41:08.105 DEBUG 3605 --- [http-nio-2222-exec-9] o.s.jdbc.core.BeanPropertyRowMapper      : Mapping column 'name' to property 'name' of type 'java.lang.String'
2022-11-11 00:41:08.105 DEBUG 3605 --- [http-nio-2222-exec-9] o.s.jdbc.core.BeanPropertyRowMapper      : Mapping column 'state' to property 'state' of type 'int'
2022-11-11 00:41:08.106 DEBUG 3605 --- [http-nio-2222-exec-9] o.s.jdbc.core.BeanPropertyRowMapper      : Mapping column 'description' to property 'description' of type 'java.lang.String'
2022-11-11 00:41:08.106 DEBUG 3605 --- [http-nio-2222-exec-9] o.s.jdbc.core.BeanPropertyRowMapper      : Mapping column 'startTime' to property 'startTime' of type 'java.util.Date'
2022-11-11 00:41:08.107 DEBUG 3605 --- [http-nio-2222-exec-9] o.s.jdbc.core.BeanPropertyRowMapper      : Mapping column 'completeTime' to property 'completeTime' of type 'java.util.Date'
2022-11-11 00:41:11.244 DEBUG 3605 --- [http-nio-2222-exec-10] o.s.jdbc.core.JdbcTemplate               : Executing prepared SQL query
2022-11-11 00:41:11.247 DEBUG 3605 --- [http-nio-2222-exec-10] o.s.jdbc.core.JdbcTemplate               : Executing prepared SQL statement [select count(1) from (select id, code, name, exchange, abbreviation, state, type, create_time as createTime, update_time as updateTime from stock_info where 1 = 1) _row]
2022-11-11 00:41:11.247 DEBUG 3605 --- [http-nio-2222-exec-10] o.s.jdbc.datasource.DataSourceUtils      : Fetching JDBC Connection from DataSource
2022-11-11 00:41:11.278 DEBUG 3605 --- [http-nio-2222-exec-10] o.s.jdbc.core.JdbcTemplate               : Executing prepared SQL query
2022-11-11 00:41:11.279 DEBUG 3605 --- [http-nio-2222-exec-10] o.s.jdbc.core.JdbcTemplate               : Executing prepared SQL statement [select id, code, name, exchange, abbreviation, state, type, create_time as createTime, update_time as updateTime from stock_info where 1 = 1 limit ?, ?]
2022-11-11 00:41:11.281 DEBUG 3605 --- [http-nio-2222-exec-10] o.s.jdbc.datasource.DataSourceUtils      : Fetching JDBC Connection from DataSource
2022-11-11 00:41:11.284 DEBUG 3605 --- [http-nio-2222-exec-10] o.s.jdbc.core.BeanPropertyRowMapper      : Mapping column 'id' to property 'id' of type 'int'
2022-11-11 00:41:11.285 DEBUG 3605 --- [http-nio-2222-exec-10] o.s.jdbc.core.BeanPropertyRowMapper      : Mapping column 'code' to property 'code' of type 'java.lang.String'
2022-11-11 00:41:11.286 DEBUG 3605 --- [http-nio-2222-exec-10] o.s.jdbc.core.BeanPropertyRowMapper      : Mapping column 'name' to property 'name' of type 'java.lang.String'
2022-11-11 00:41:11.287 DEBUG 3605 --- [http-nio-2222-exec-10] o.s.jdbc.core.BeanPropertyRowMapper      : Mapping column 'exchange' to property 'exchange' of type 'java.lang.String'
2022-11-11 00:41:11.288 DEBUG 3605 --- [http-nio-2222-exec-10] o.s.jdbc.core.BeanPropertyRowMapper      : Mapping column 'abbreviation' to property 'abbreviation' of type 'java.lang.String'
2022-11-11 00:41:11.289 DEBUG 3605 --- [http-nio-2222-exec-10] o.s.jdbc.core.BeanPropertyRowMapper      : Mapping column 'state' to property 'state' of type 'int'
2022-11-11 00:41:11.290 DEBUG 3605 --- [http-nio-2222-exec-10] o.s.jdbc.core.BeanPropertyRowMapper      : Mapping column 'type' to property 'type' of type 'int'
2022-11-11 00:41:11.291 DEBUG 3605 --- [http-nio-2222-exec-10] o.s.jdbc.core.BeanPropertyRowMapper      : Mapping column 'createTime' to property 'createTime' of type 'java.util.Date'
2022-11-11 00:41:11.293 DEBUG 3605 --- [http-nio-2222-exec-10] o.s.jdbc.core.BeanPropertyRowMapper      : Mapping column 'updateTime' to property 'updateTime' of type 'java.util.Date'
2022-11-11 00:41:28.134 DEBUG 3605 --- [http-nio-2222-exec-2] o.s.jdbc.core.JdbcTemplate               : Executing prepared SQL query
2022-11-11 00:41:28.136 DEBUG 3605 --- [http-nio-2222-exec-2] o.s.jdbc.core.JdbcTemplate               : Executing prepared SQL statement [select count(1) from (select s.name, s.abbreviation, d.code, d.date, d.pre_closing_price as preClosingPrice, d.closing_price as closingPrice, d.lowest_price as lowestPrice, d.highest_price as highestPrice, d.opening_price as openingPrice, d.trading_value as tradingValue, d.trading_volume as tradingVolume, d.rurnover_rate as rurnoverRate from daily_index d, stock_info s where d.code = concat(s.exchange, s.code) and date = ? ) _row]
2022-11-11 00:41:28.136 DEBUG 3605 --- [http-nio-2222-exec-2] o.s.jdbc.datasource.DataSourceUtils      : Fetching JDBC Connection from DataSource
2022-11-11 00:41:28.187 DEBUG 3605 --- [http-nio-2222-exec-2] o.s.jdbc.core.JdbcTemplate               : Executing prepared SQL query
2022-11-11 00:41:28.188 DEBUG 3605 --- [http-nio-2222-exec-2] o.s.jdbc.core.JdbcTemplate               : Executing prepared SQL statement [select s.name, s.abbreviation, d.code, d.date, d.pre_closing_price as preClosingPrice, d.closing_price as closingPrice, d.lowest_price as lowestPrice, d.highest_price as highestPrice, d.opening_price as openingPrice, d.trading_value as tradingValue, d.trading_volume as tradingVolume, d.rurnover_rate as rurnoverRate from daily_index d, stock_info s where d.code = concat(s.exchange, s.code) and date = ?  order by tradingValue desc  limit ?, ?]
2022-11-11 00:41:28.188 DEBUG 3605 --- [http-nio-2222-exec-2] o.s.jdbc.datasource.DataSourceUtils      : Fetching JDBC Connection from DataSource
2022-11-11 00:41:29.106 DEBUG 3605 --- [http-nio-2222-exec-3] o.s.jdbc.core.JdbcTemplate               : Executing prepared SQL query
2022-11-11 00:41:29.107 DEBUG 3605 --- [http-nio-2222-exec-3] o.s.jdbc.core.JdbcTemplate               : Executing prepared SQL statement [select count(1) from (select id, code, name, exchange, abbreviation, state, type, create_time as createTime, update_time as updateTime from stock_info where 1 = 1) _row]
2022-11-11 00:41:29.107 DEBUG 3605 --- [http-nio-2222-exec-3] o.s.jdbc.datasource.DataSourceUtils      : Fetching JDBC Connection from DataSource
2022-11-11 00:41:29.113 DEBUG 3605 --- [http-nio-2222-exec-3] o.s.jdbc.core.JdbcTemplate               : Executing prepared SQL query
2022-11-11 00:41:29.114 DEBUG 3605 --- [http-nio-2222-exec-3] o.s.jdbc.core.JdbcTemplate               : Executing prepared SQL statement [select id, code, name, exchange, abbreviation, state, type, create_time as createTime, update_time as updateTime from stock_info where 1 = 1 limit ?, ?]
2022-11-11 00:41:29.114 DEBUG 3605 --- [http-nio-2222-exec-3] o.s.jdbc.datasource.DataSourceUtils      : Fetching JDBC Connection from DataSource
2022-11-11 00:41:29.115 DEBUG 3605 --- [http-nio-2222-exec-3] o.s.jdbc.core.BeanPropertyRowMapper      : Mapping column 'id' to property 'id' of type 'int'
2022-11-11 00:41:29.116 DEBUG 3605 --- [http-nio-2222-exec-3] o.s.jdbc.core.BeanPropertyRowMapper      : Mapping column 'code' to property 'code' of type 'java.lang.String'
2022-11-11 00:41:29.116 DEBUG 3605 --- [http-nio-2222-exec-3] o.s.jdbc.core.BeanPropertyRowMapper      : Mapping column 'name' to property 'name' of type 'java.lang.String'
2022-11-11 00:41:29.116 DEBUG 3605 --- [http-nio-2222-exec-3] o.s.jdbc.core.BeanPropertyRowMapper      : Mapping column 'exchange' to property 'exchange' of type 'java.lang.String'
2022-11-11 00:41:29.116 DEBUG 3605 --- [http-nio-2222-exec-3] o.s.jdbc.core.BeanPropertyRowMapper      : Mapping column 'abbreviation' to property 'abbreviation' of type 'java.lang.String'
2022-11-11 00:41:29.116 DEBUG 3605 --- [http-nio-2222-exec-3] o.s.jdbc.core.BeanPropertyRowMapper      : Mapping column 'state' to property 'state' of type 'int'
2022-11-11 00:41:29.116 DEBUG 3605 --- [http-nio-2222-exec-3] o.s.jdbc.core.BeanPropertyRowMapper      : Mapping column 'type' to property 'type' of type 'int'
2022-11-11 00:41:29.117 DEBUG 3605 --- [http-nio-2222-exec-3] o.s.jdbc.core.BeanPropertyRowMapper      : Mapping column 'createTime' to property 'createTime' of type 'java.util.Date'
2022-11-11 00:41:29.117 DEBUG 3605 --- [http-nio-2222-exec-3] o.s.jdbc.core.BeanPropertyRowMapper      : Mapping column 'updateTime' to property 'updateTime' of type 'java.util.Date'
2022-11-11 00:41:51.352 DEBUG 3605 --- [http-nio-2222-exec-5] o.s.jdbc.core.JdbcTemplate               : Executing prepared SQL query
2022-11-11 00:41:51.358 DEBUG 3605 --- [http-nio-2222-exec-5] o.s.jdbc.core.JdbcTemplate               : Executing prepared SQL statement [select count(1) from (select s.name, s.abbreviation, d.code, d.date, d.pre_closing_price as preClosingPrice, d.closing_price as closingPrice, d.lowest_price as lowestPrice, d.highest_price as highestPrice, d.opening_price as openingPrice, d.trading_value as tradingValue, d.trading_volume as tradingVolume, d.rurnover_rate as rurnoverRate from daily_index d, stock_info s where d.code = concat(s.exchange, s.code) and date = ? ) _row]
2022-11-11 00:41:51.359 DEBUG 3605 --- [http-nio-2222-exec-5] o.s.jdbc.datasource.DataSourceUtils      : Fetching JDBC Connection from DataSource
2022-11-11 00:41:51.396 DEBUG 3605 --- [http-nio-2222-exec-5] o.s.jdbc.core.JdbcTemplate               : Executing prepared SQL query
2022-11-11 00:41:51.396 DEBUG 3605 --- [http-nio-2222-exec-5] o.s.jdbc.core.JdbcTemplate               : Executing prepared SQL statement [select s.name, s.abbreviation, d.code, d.date, d.pre_closing_price as preClosingPrice, d.closing_price as closingPrice, d.lowest_price as lowestPrice, d.highest_price as highestPrice, d.opening_price as openingPrice, d.trading_value as tradingValue, d.trading_volume as tradingVolume, d.rurnover_rate as rurnoverRate from daily_index d, stock_info s where d.code = concat(s.exchange, s.code) and date = ?  order by tradingValue desc  limit ?, ?]
2022-11-11 00:41:51.396 DEBUG 3605 --- [http-nio-2222-exec-5] o.s.jdbc.datasource.DataSourceUtils      : Fetching JDBC Connection from DataSource
2022-11-11 00:41:51.952 DEBUG 3605 --- [http-nio-2222-exec-6] o.s.jdbc.core.JdbcTemplate               : Executing prepared SQL query
2022-11-11 00:41:51.953 DEBUG 3605 --- [http-nio-2222-exec-6] o.s.jdbc.core.JdbcTemplate               : Executing prepared SQL statement [select count(1) from (select id, code, name, exchange, abbreviation, state, type, create_time as createTime, update_time as updateTime from stock_info where 1 = 1) _row]
2022-11-11 00:41:51.954 DEBUG 3605 --- [http-nio-2222-exec-6] o.s.jdbc.datasource.DataSourceUtils      : Fetching JDBC Connection from DataSource
2022-11-11 00:41:51.957 DEBUG 3605 --- [http-nio-2222-exec-6] o.s.jdbc.core.JdbcTemplate               : Executing prepared SQL query
2022-11-11 00:41:51.957 DEBUG 3605 --- [http-nio-2222-exec-6] o.s.jdbc.core.JdbcTemplate               : Executing prepared SQL statement [select id, code, name, exchange, abbreviation, state, type, create_time as createTime, update_time as updateTime from stock_info where 1 = 1 limit ?, ?]
2022-11-11 00:41:51.957 DEBUG 3605 --- [http-nio-2222-exec-6] o.s.jdbc.datasource.DataSourceUtils      : Fetching JDBC Connection from DataSource
2022-11-11 00:41:51.960 DEBUG 3605 --- [http-nio-2222-exec-6] o.s.jdbc.core.BeanPropertyRowMapper      : Mapping column 'id' to property 'id' of type 'int'
2022-11-11 00:41:51.961 DEBUG 3605 --- [http-nio-2222-exec-6] o.s.jdbc.core.BeanPropertyRowMapper      : Mapping column 'code' to property 'code' of type 'java.lang.String'
2022-11-11 00:41:51.962 DEBUG 3605 --- [http-nio-2222-exec-6] o.s.jdbc.core.BeanPropertyRowMapper      : Mapping column 'name' to property 'name' of type 'java.lang.String'
2022-11-11 00:41:51.962 DEBUG 3605 --- [http-nio-2222-exec-6] o.s.jdbc.core.BeanPropertyRowMapper      : Mapping column 'exchange' to property 'exchange' of type 'java.lang.String'
2022-11-11 00:41:51.962 DEBUG 3605 --- [http-nio-2222-exec-6] o.s.jdbc.core.BeanPropertyRowMapper      : Mapping column 'abbreviation' to property 'abbreviation' of type 'java.lang.String'
2022-11-11 00:41:51.962 DEBUG 3605 --- [http-nio-2222-exec-6] o.s.jdbc.core.BeanPropertyRowMapper      : Mapping column 'state' to property 'state' of type 'int'
2022-11-11 00:41:51.962 DEBUG 3605 --- [http-nio-2222-exec-6] o.s.jdbc.core.BeanPropertyRowMapper      : Mapping column 'type' to property 'type' of type 'int'
2022-11-11 00:41:51.963 DEBUG 3605 --- [http-nio-2222-exec-6] o.s.jdbc.core.BeanPropertyRowMapper      : Mapping column 'createTime' to property 'createTime' of type 'java.util.Date'
2022-11-11 00:41:51.964 DEBUG 3605 --- [http-nio-2222-exec-6] o.s.jdbc.core.BeanPropertyRowMapper      : Mapping column 'updateTime' to property 'updateTime' of type 'java.util.Date'
